<?xml version="1.0" encoding="UTF-8" ?>
<testsuite failures="0" time="60.116" errors="0" skipped="0" tests="12" name="org.apache.giraph.TestBspBasic">
  <properties>
[...]
</properties>
  <testcase time="0.021" classname="org.apache.giraph.TestBspBasic" name="testInstantiateVertex"/>
  <testcase time="0.01" classname="org.apache.giraph.TestBspBasic" name="testInstantiateNullVertex"/>
  <testcase time="7.081" classname="org.apache.giraph.TestBspBasic" name="testLocalJobRunnerConfig"/>
  <testcase time="0.009" classname="org.apache.giraph.TestBspBasic" name="testBspFail"/>
  <testcase time="7.103" classname="org.apache.giraph.TestBspBasic" name="testBspSuperStep"/>
  <testcase time="4.088" classname="org.apache.giraph.TestBspBasic" name="testBspMsg"/>
  <testcase time="4.079" classname="org.apache.giraph.TestBspBasic" name="testEmptyVertexInputFormat"/>
  <testcase time="4.074" classname="org.apache.giraph.TestBspBasic" name="testBspCombiner"/>
  <testcase time="0.386" classname="org.apache.giraph.TestBspBasic" name="testInputSplitPathOrganizer"/>
  <testcase time="7.077" classname="org.apache.giraph.TestBspBasic" name="testBspShortestPaths"/>
  <testcase time="16.099" classname="org.apache.giraph.TestBspBasic" name="testBspPageRankWithAggregatorWriter"/>
  <testcase time="10.083" classname="org.apache.giraph.TestBspBasic" name="testBspMasterCompute"/>
</testsuite>